# JRE version: OpenJDK Runtime Environment (8.0_232-b09) (build 1.8.0_232-8u232-b09-1~deb9u1-b09)
# Java VM: OpenJDK 64-Bit Server VM (25.232-b09 mixed mode linux-amd64 compressed oops)
Heap:
 PSYoungGen      total 263168K, used 32K [0x00000000e6300000, 0x00000000f6500000, 0x0000000100000000)
  eden space 262144K, 0% used [0x00000000e6300000,0x00000000e6300000,0x00000000f6300000)
  from space 1024K, 3% used [0x00000000f6300000,0x00000000f6308000,0x00000000f6400000)
  to   space 1024K, 0% used [0x00000000f6400000,0x00000000f6400000,0x00000000f6500000)
 ParOldGen       total 53248K, used 640K [0x00000000b2800000, 0x00000000b5c00000, 0x00000000e6300000)
  object space 53248K, 1% used [0x00000000b2800000,0x00000000b28a00b0,0x00000000b5c00000)
 Metaspace       used 4187K, capacity 4566K, committed 4864K, reserved 1056768K
  class space    used 451K, capacity 458K, committed 512K, reserved 1048576K
GC Heap History (10 events):
Event: 11.909 GC heap after
Heap after GC invocations=6 (full 0):
 PSYoungGen      total 82944K, used 640K [0x00000000e6300000, 0x00000000eb500000, 0x0000000100000000)
  eden space 81920K, 0% used [0x00000000e6300000,0x00000000e6300000,0x00000000eb300000)
  from space 1024K, 62% used [0x00000000eb400000,0x00000000eb4a0020,0x00000000eb500000)
  to   space 1024K, 0% used [0x00000000eb300000,0x00000000eb300000,0x00000000eb400000)
 ParOldGen       total 53248K, used 16K [0x00000000b2800000, 0x00000000b5c00000, 0x00000000e6300000)
  object space 53248K, 0% used [0x00000000b2800000,0x00000000b2804000,0x00000000b5c00000)
 Metaspace       used 4175K, capacity 4562K, committed 4864K, reserved 1056768K
  class space    used 451K, capacity 458K, committed 512K, reserved 1048576K
}
Event: 12.110 GC heap before
{Heap before GC invocations=7 (full 0):
 PSYoungGen      total 82944K, used 82560K [0x00000000e6300000, 0x00000000eb500000, 0x0000000100000000)
  eden space 81920K, 100% used [0x00000000e6300000,0x00000000eb300000,0x00000000eb300000)
  from space 1024K, 62% used [0x00000000eb400000,0x00000000eb4a0020,0x00000000eb500000)
  to   space 1024K, 0% used [0x00000000eb300000,0x00000000eb300000,0x00000000eb400000)
 ParOldGen       total 53248K, used 16K [0x00000000b2800000, 0x00000000b5c00000, 0x00000000e6300000)
  object space 53248K, 0% used [0x00000000b2800000,0x00000000b2804000,0x00000000b5c00000)
 Metaspace       used 4175K, capacity 4562K, committed 4864K, reserved 1056768K
  class space    used 451K, capacity 458K, committed 512K, reserved 1048576K
Event: 12.119 GC heap after
Heap after GC invocations=7 (full 0):
 PSYoungGen      total 82944K, used 32K [0x00000000e6300000, 0x00000000f0500000, 0x0000000100000000)
  eden space 81920K, 0% used [0x00000000e6300000,0x00000000e6300000,0x00000000eb300000)
  from space 1024K, 3% used [0x00000000eb300000,0x00000000eb308000,0x00000000eb400000)
  to   space 1024K, 0% used [0x00000000f0400000,0x00000000f0400000,0x00000000f0500000)
 ParOldGen       total 53248K, used 624K [0x00000000b2800000, 0x00000000b5c00000, 0x00000000e6300000)
  object space 53248K, 1% used [0x00000000b2800000,0x00000000b289c0b0,0x00000000b5c00000)
 Metaspace       used 4175K, capacity 4562K, committed 4864K, reserved 1056768K
  class space    used 451K, capacity 458K, committed 512K, reserved 1048576K
}
Event: 12.209 GC heap before
{Heap before GC invocations=8 (full 0):
 PSYoungGen      total 82944K, used 81952K [0x00000000e6300000, 0x00000000f0500000, 0x0000000100000000)
  eden space 81920K, 100% used [0x00000000e6300000,0x00000000eb300000,0x00000000eb300000)
  from space 1024K, 3% used [0x00000000eb300000,0x00000000eb308000,0x00000000eb400000)
  to   space 1024K, 0% used [0x00000000f0400000,0x00000000f0400000,0x00000000f0500000)
 ParOldGen       total 53248K, used 624K [0x00000000b2800000, 0x00000000b5c00000, 0x00000000e6300000)
  object space 53248K, 1% used [0x00000000b2800000,0x00000000b289c0b0,0x00000000b5c00000)
 Metaspace       used 4175K, capacity 4562K, committed 4864K, reserved 1056768K
  class space    used 451K, capacity 458K, committed 512K, reserved 1048576K
Event: 12.225 GC heap after
Heap after GC invocations=8 (full 0):
 PSYoungGen      total 164864K, used 32K [0x00000000e6300000, 0x00000000f0500000, 0x0000000100000000)
  eden space 163840K, 0% used [0x00000000e6300000,0x00000000e6300000,0x00000000f0300000)
  from space 1024K, 3% used [0x00000000f0400000,0x00000000f0408000,0x00000000f0500000)
  to   space 1024K, 0% used [0x00000000f0300000,0x00000000f0300000,0x00000000f0400000)
 ParOldGen       total 53248K, used 632K [0x00000000b2800000, 0x00000000b5c00000, 0x00000000e6300000)
  object space 53248K, 1% used [0x00000000b2800000,0x00000000b289e0b0,0x00000000b5c00000)
 Metaspace       used 4175K, capacity 4562K, committed 4864K, reserved 1056768K
  class space    used 451K, capacity 458K, committed 512K, reserved 1048576K
}
Event: 12.851 GC heap before
{Heap before GC invocations=9 (full 0):
 PSYoungGen      total 164864K, used 163872K [0x00000000e6300000, 0x00000000f0500000, 0x0000000100000000)
  eden space 163840K, 100% used [0x00000000e6300000,0x00000000f0300000,0x00000000f0300000)
  from space 1024K, 3% used [0x00000000f0400000,0x00000000f0408000,0x00000000f0500000)
  to   space 1024K, 0% used [0x00000000f0300000,0x00000000f0300000,0x00000000f0400000)
 ParOldGen       total 53248K, used 632K [0x00000000b2800000, 0x00000000b5c00000, 0x00000000e6300000)
  object space 53248K, 1% used [0x00000000b2800000,0x00000000b289e0b0,0x00000000b5c00000)
 Metaspace       used 4187K, capacity 4566K, committed 4864K, reserved 1056768K
  class space    used 451K, capacity 458K, committed 512K, reserved 1048576K
Event: 12.860 GC heap after
Heap after GC invocations=9 (full 0):
 PSYoungGen      total 164864K, used 32K [0x00000000e6300000, 0x00000000f6500000, 0x0000000100000000)
  eden space 163840K, 0% used [0x00000000e6300000,0x00000000e6300000,0x00000000f0300000)
  from space 1024K, 3% used [0x00000000f0300000,0x00000000f0308000,0x00000000f0400000)
  to   space 1024K, 0% used [0x00000000f6400000,0x00000000f6400000,0x00000000f6500000)
 ParOldGen       total 53248K, used 632K [0x00000000b2800000, 0x00000000b5c00000, 0x00000000e6300000)
  object space 53248K, 1% used [0x00000000b2800000,0x00000000b289e0b0,0x00000000b5c00000)
 Metaspace       used 4187K, capacity 4566K, committed 4864K, reserved 1056768K
  class space    used 451K, capacity 458K, committed 512K, reserved 1048576K
}
Event: 13.178 GC heap before
{Heap before GC invocations=10 (full 0):
 PSYoungGen      total 164864K, used 163872K [0x00000000e6300000, 0x00000000f6500000, 0x0000000100000000)
  eden space 163840K, 100% used [0x00000000e6300000,0x00000000f0300000,0x00000000f0300000)
  from space 1024K, 3% used [0x00000000f0300000,0x00000000f0308000,0x00000000f0400000)
  to   space 1024K, 0% used [0x00000000f6400000,0x00000000f6400000,0x00000000f6500000)
 ParOldGen       total 53248K, used 632K [0x00000000b2800000, 0x00000000b5c00000, 0x00000000e6300000)
  object space 53248K, 1% used [0x00000000b2800000,0x00000000b289e0b0,0x00000000b5c00000)
 Metaspace       used 4187K, capacity 4566K, committed 4864K, reserved 1056768K
  class space    used 451K, capacity 458K, committed 512K, reserved 1048576K
Event: 13.198 GC heap after
Heap after GC invocations=10 (full 0):
 PSYoungGen      total 263168K, used 32K [0x00000000e6300000, 0x00000000f6500000, 0x0000000100000000)
  eden space 262144K, 0% used [0x00000000e6300000,0x00000000e6300000,0x00000000f6300000)
  from space 1024K, 3% used [0x00000000f6400000,0x00000000f6408000,0x00000000f6500000)
  to   space 1024K, 0% used [0x00000000f6300000,0x00000000f6300000,0x00000000f6400000)
 ParOldGen       total 53248K, used 632K [0x00000000b2800000, 0x00000000b5c00000, 0x00000000e6300000)
  object space 53248K, 1% used [0x00000000b2800000,0x00000000b289e0b0,0x00000000b5c00000)
 Metaspace       used 4187K, capacity 4566K, committed 4864K, reserved 1056768K
  class space    used 451K, capacity 458K, committed 512K, reserved 1048576K
}
Event: 14.124 GC heap before
{Heap before GC invocations=11 (full 0):
 PSYoungGen      total 263168K, used 262176K [0x00000000e6300000, 0x00000000f6500000, 0x0000000100000000)
  eden space 262144K, 100% used [0x00000000e6300000,0x00000000f6300000,0x00000000f6300000)
  from space 1024K, 3% used [0x00000000f6400000,0x00000000f6408000,0x00000000f6500000)
  to   space 1024K, 0% used [0x00000000f6300000,0x00000000f6300000,0x00000000f6400000)
 ParOldGen       total 53248K, used 632K [0x00000000b2800000, 0x00000000b5c00000, 0x00000000e6300000)
  object space 53248K, 1% used [0x00000000b2800000,0x00000000b289e0b0,0x00000000b5c00000)
 Metaspace       used 4187K, capacity 4566K, committed 4864K, reserved 1056768K
  class space    used 451K, capacity 458K, committed 512K, reserved 1048576K

